行香子·述怀 - 苏轼
line:[行香子·述怀 - 苏轼] len:2
鹧鸪天·代人赋 - 辛弃疾
line:[鹧鸪天·代人赋 - 辛弃疾] len:2
绝句漫兴九首 - 杜甫
line:[绝句漫兴九首 - 杜甫] len:2
新婚别 - 杜甫
line:[新婚别 - 杜甫] len:2
垂老别 - 杜甫
line:[垂老别 - 杜甫] len:2
武陵春·桃李风前多妩媚 - 辛弃疾
line:[武陵春·桃李风前多妩媚 - 辛弃疾] len:2
丑奴儿·晚来一阵风兼雨 - 李清照
line:[丑奴儿·晚来一阵风兼雨 - 李清照] len:2
孤雁儿·藤床纸帐朝眠起 - 李清照
line:[孤雁儿·藤床纸帐朝眠起 - 李清照] len:2
浣溪沙·残雪凝辉冷画屏 - 纳兰性德
line:[浣溪沙·残雪凝辉冷画屏 - 纳兰性德] len:2
书愤 - 陆游
line:[书愤 - 陆游] len:2
蝶恋花·上巳召亲族 - 李清照
line:[蝶恋花·上巳召亲族 - 李清照] len:2
蝶恋花·晚止昌乐馆寄姊妹 - 李清照
line:[蝶恋花·晚止昌乐馆寄姊妹 - 李清照] len:2
一剪梅·雨打梨花深闭门 - 唐寅
line:[一剪梅·雨打梨花深闭门 - 唐寅] len:2
浣溪沙·髻子伤春慵更梳 - 李清照
line:[浣溪沙·髻子伤春慵更梳 - 李清照] len:2
浣溪沙·淡荡春光寒食天 - 李清照
line:[浣溪沙·淡荡春光寒食天 - 李清照] len:2
浣溪沙·莫许杯深琥珀浓 - 李清照
line:[浣溪沙·莫许杯深琥珀浓 - 李清照] len:2
归去来兮辞 - 陶渊明
line:[归去来兮辞 - 陶渊明] len:2
满庭芳·残梅 - 李清照
line:[满庭芳·残梅 - 李清照] len:2
浣溪沙·谁念西风独自凉 - 纳兰性德
line:[浣溪沙·谁念西风独自凉 - 纳兰性德] len:2
寻南溪常山道人隐居 - 刘长卿
line:[寻南溪常山道人隐居 - 刘长卿] len:2
行香子·七夕 - 李清照
line:[行香子·七夕 - 李清照] len:2
咏廿四气诗·立秋七月节 - 元稹
line:[咏廿四气诗·立秋七月节 - 元稹] len:2
长相思·长相思 - 晏几道
line:[长相思·长相思 - 晏几道] len:2
咏廿四气诗·大暑六月中 - 元稹
line:[咏廿四气诗·大暑六月中 - 元稹] len:2
诉衷情·当年万里觅封侯 - 陆游
line:[诉衷情·当年万里觅封侯 - 陆游] len:2
谒山 - 李商隐
line:[谒山 - 李商隐] len:2
小儿垂钓 - 胡令能
line:[小儿垂钓 - 胡令能] len:2
三五七言 - 李白
line:[三五七言 - 李白] len:2
明日歌 - 钱福
line:[明日歌 - 钱福] len:2
夏日山中 - 李白
line:[夏日山中 - 李白] len:2
浣溪沙·细雨斜风作晓寒 - 苏轼
line:[浣溪沙·细雨斜风作晓寒 - 苏轼] len:2
菩提偈 - 惠能
line:[菩提偈 - 惠能] len:2
白雪歌送武判官归京 - 岑参
line:[白雪歌送武判官归京 - 岑参] len:2
送僧归太白山 - 贾岛
line:[送僧归太白山 - 贾岛] len:2
与诸子登岘山 - 孟浩然
line:[与诸子登岘山 - 孟浩然] len:2
题三十小象 - 吴庆坻
line:[题三十小象 - 吴庆坻] len:2
简卢陟 - 韦应物
line:[简卢陟 - 韦应物] len:2
蜀葵花歌 - 岑参
line:[蜀葵花歌 - 岑参] len:2
咏廿四气诗·小暑六月节 - 元稹
line:[咏廿四气诗·小暑六月节 - 元稹] len:2
答郑十七郎一绝 - 杜甫
line:[答郑十七郎一绝 - 杜甫] len:2
绝句六首 - 杜甫
line:[绝句六首 - 杜甫] len:2
剑客 - 贾岛
line:[剑客 - 贾岛] len:2
无家别 - 杜甫
line:[无家别 - 杜甫] len:2
赠荷花 - 李商隐
line:[赠荷花 - 李商隐] len:2
春江花月夜 - 张若虚
line:[春江花月夜 - 张若虚] len:2
爱莲说 - 周敦颐
line:[爱莲说 - 周敦颐] len:2
木兰诗 - 乐府诗集
line:[木兰诗 - 乐府诗集] len:2
十五从军征 - 《乐府诗集》
line:[十五从军征 - 《乐府诗集》] len:2
满江红·写怀 - 岳飞
line:[满江红·写怀 - 岳飞] len:2
过零丁洋 - 文天祥
line:[过零丁洋 - 文天祥] len:2
小重山·春到长门春草青 - 李清照
line:[小重山·春到长门春草青 - 李清照] len:2
酬乐天咏老见示 - 刘禹锡
line:[酬乐天咏老见示 - 刘禹锡] len:2
鹊桥仙·纤云弄巧 - 秦观
line:[鹊桥仙·纤云弄巧 - 秦观] len:2
不第后赋菊 - 黄巢
line:[不第后赋菊 - 黄巢] len:2
雪梅 - 卢钺
line:[雪梅 - 卢钺] len:2
己亥杂诗 - 龚自珍
line:[己亥杂诗 - 龚自珍] len:2
乞巧 - 林杰
line:[乞巧 - 林杰] len:2
于易水送人 - 骆宾王
line:[于易水送人 - 骆宾王] len:2
山亭夏日 - 高骈
line:[山亭夏日 - 高骈] len:2
渔家傲·天接云涛连晓雾 - 李清照
line:[渔家傲·天接云涛连晓雾 - 李清照] len:2
扬州慢·淮左名都 - 姜夔
line:[扬州慢·淮左名都 - 姜夔] len:2
咏二十四气诗·夏至五月中 - 元稹
line:[咏二十四气诗·夏至五月中 - 元稹] len:2
石灰吟 - 于谦
line:[石灰吟 - 于谦] len:2
乡村四月 - 翁卷
line:[乡村四月 - 翁卷] len:2
塞下曲 - 卢纶
line:[塞下曲 - 卢纶] len:2
长歌行 - 汉乐府
line:[长歌行 - 汉乐府] len:2
望月怀远 - 张九龄
line:[望月怀远 - 张九龄] len:2
清平乐·春归何处 - 黄庭坚
line:[清平乐·春归何处 - 黄庭坚] len:2
敕勒歌 - 乐府诗集
line:[敕勒歌 - 乐府诗集] len:2
浣溪沙·一曲新词酒一杯 - 晏殊
line:[浣溪沙·一曲新词酒一杯 - 晏殊] len:2
村晚 - 雷震
line:[村晚 - 雷震] len:2
卜算子·送鲍浩然之浙东 - 王观
line:[卜算子·送鲍浩然之浙东 - 王观] len:2
苏幕遮·燎沉香 - 周邦彦
line:[苏幕遮·燎沉香 - 周邦彦] len:2
山坡羊·潼关怀古 - 张养浩
line:[山坡羊·潼关怀古 - 张养浩] len:2
迢迢牵牛星 - 佚名
line:[迢迢牵牛星 - 佚名] len:2
元宵 - 唐寅
line:[元宵 - 唐寅] len:2
垓下歌 - 项羽
line:[垓下歌 - 项羽] len:2
游园不值 - 叶绍翁
line:[游园不值 - 叶绍翁] len:2
题李凝幽居 - 贾岛
line:[题李凝幽居 - 贾岛] len:2
春日 - 朱熹
line:[春日 - 朱熹] len:2
观书有感·其一 - 朱熹
line:[观书有感·其一 - 朱熹] len:2
四时田园杂兴·其三十一 - 范成大
line:[四时田园杂兴·其三十一 - 范成大] len:2
赋得江边柳 - 鱼玄机
line:[赋得江边柳 - 鱼玄机] len:2
子衿 - 诗经·国风·郑风
line:[子衿 - 诗经·国风·郑风] len:2
关雎 - 诗经·国风·周南
line:[关雎 - 诗经·国风·周南] len:2
蒹葭 - 诗经·国风·秦风
line:[蒹葭 - 诗经·国风·秦风] len:2
采苓 - 诗经·国风·唐风
line:[采苓 - 诗经·国风·唐风] len:2
短歌行 - 曹操
line:[短歌行 - 曹操] len:2
观沧海 - 曹操
line:[观沧海 - 曹操] len:2
菩萨蛮·小山重叠金明灭 - 温庭筠
line:[菩萨蛮·小山重叠金明灭 - 温庭筠] len:2
己酉端午 - 贝琼
line:[己酉端午 - 贝琼] len:2
滕王阁序 - 王勃
line:[滕王阁序 - 王勃] len:2
商山早行 - 温庭筠
line:[商山早行 - 温庭筠] len:2
菊花 - 元稹
line:[菊花 - 元稹] len:2
闻乐天授江州司马 - 元稹
line:[闻乐天授江州司马 - 元稹] len:2
咏廿四气诗·芒种五月节 - 元稹
line:[咏廿四气诗·芒种五月节 - 元稹] len:2
马说 - 韩愈
line:[马说 - 韩愈] len:2
宿新市徐公店二首其一 - 杨万里
line:[宿新市徐公店二首其一 - 杨万里] len:2
小石潭记 - 柳宗元
line:[小石潭记 - 柳宗元] len:2
送柴侍御 - 王昌龄
line:[送柴侍御 - 王昌龄] len:2
桃花源记 - 陶渊明
line:[桃花源记 - 陶渊明] len:2
岳阳楼记 - 范仲淹
line:[岳阳楼记 - 范仲淹] len:2
夜书所见 - 叶绍翁
line:[夜书所见 - 叶绍翁] len:2
归园田居·其一 - 陶渊明
line:[归园田居·其一 - 陶渊明] len:2
渔家傲·秋思 - 范仲淹
line:[渔家傲·秋思 - 范仲淹] len:2
李凭箜篌引 - 李贺
line:[李凭箜篌引 - 李贺] len:2
行香子·树绕村庄 - 秦观
line:[行香子·树绕村庄 - 秦观] len:2
别辋川别业 - 王维
line:[别辋川别业 - 王维] len:2
醉翁亭记 - 欧阳修
line:[醉翁亭记 - 欧阳修] len:2
虞美人·春花秋月何时了 - 李煜
line:[虞美人·春花秋月何时了 - 李煜] len:2
相见欢·无言独上西楼 - 李煜
line:[相见欢·无言独上西楼 - 李煜] len:2
望洞庭湖赠张丞相 - 孟浩然
line:[望洞庭湖赠张丞相 - 孟浩然] len:2
画眉鸟 - 欧阳修
line:[画眉鸟 - 欧阳修] len:2
雁门太守行 - 李贺
line:[雁门太守行 - 李贺] len:2
嫦娥 - 李商隐
line:[嫦娥 - 李商隐] len:2
贾生 - 李商隐
line:[贾生 - 李商隐] len:2
舟夜书所见 - 查慎行
line:[舟夜书所见 - 查慎行] len:2
秋夜将晓出篱门迎凉有感 - 陆游
line:[秋夜将晓出篱门迎凉有感 - 陆游] len:2
临安春雨初霁 - 陆游
line:[临安春雨初霁 - 陆游] len:2
渡汉江 - 宋之问
line:[渡汉江 - 宋之问] len:2
游山西村 - 陆游
line:[游山西村 - 陆游] len:2
书事 - 王维
line:[书事 - 王维] len:2
一剪梅·舟过吴江 - 蒋捷
line:[一剪梅·舟过吴江 - 蒋捷] len:2
李延年歌 - 李延年
line:[李延年歌 - 李延年] len:2
长恨歌 - 白居易
line:[长恨歌 - 白居易] len:2
琵琶行 - 白居易
line:[琵琶行 - 白居易] len:2
示儿 - 陆游
line:[示儿 - 陆游] len:2
踏莎行·碧海无波 - 晏殊
line:[踏莎行·碧海无波 - 晏殊] len:2
丑奴儿·书博山道中壁 - 辛弃疾
line:[丑奴儿·书博山道中壁 - 辛弃疾] len:2
清平乐·村居 - 辛弃疾
line:[清平乐·村居 - 辛弃疾] len:2
雨霖铃·寒蝉凄切 - 柳永
line:[雨霖铃·寒蝉凄切 - 柳永] len:2
卖炭翁 - 白居易
line:[卖炭翁 - 白居易] len:2
望洞庭 - 刘禹锡
line:[望洞庭 - 刘禹锡] len:2
永遇乐·京口北固亭怀古 - 辛弃疾
line:[永遇乐·京口北固亭怀古 - 辛弃疾] len:2
破阵子·为陈同甫赋壮词以寄之 - 辛弃疾
line:[破阵子·为陈同甫赋壮词以寄之 - 辛弃疾] len:2
大风歌 - 刘邦
line:[大风歌 - 刘邦] len:2
蜂 - 罗隐
line:[蜂 - 罗隐] len:2
天净沙·秋思 - 马致远
line:[天净沙·秋思 - 马致远] len:2
马诗二十三首·其五 - 李贺
line:[马诗二十三首·其五 - 李贺] len:2
陋室铭 - 刘禹锡
line:[陋室铭 - 刘禹锡] len:2
竹枝词二首·其一 - 刘禹锡
line:[竹枝词二首·其一 - 刘禹锡] len:2
秋词二首·其一 - 刘禹锡
line:[秋词二首·其一 - 刘禹锡] len:2
晓出净慈寺送林子方 - 杨万里
line:[晓出净慈寺送林子方 - 杨万里] len:2
咏廿四气诗·小满四月中 - 元稹
line:[咏廿四气诗·小满四月中 - 元稹] len:2
蝶恋花·伫倚危楼风细细 - 柳永
line:[蝶恋花·伫倚危楼风细细 - 柳永] len:2
采莲曲 - 王昌龄
line:[采莲曲 - 王昌龄] len:2
酬乐天扬州初逢席上见赠 - 刘禹锡
line:[酬乐天扬州初逢席上见赠 - 刘禹锡] len:2
点绛唇·蹴罢秋千 - 李清照
line:[点绛唇·蹴罢秋千 - 李清照] len:2
四时田园杂兴·其二十五 - 范成大
line:[四时田园杂兴·其二十五 - 范成大] len:2
声声慢·寻寻觅觅 - 李清照
line:[声声慢·寻寻觅觅 - 李清照] len:2
句 - 孟浩然
line:[句 - 孟浩然] len:2
齐州送祖三 - 王维
line:[齐州送祖三 - 王维] len:2
淇上田园即事 - 王维
line:[淇上田园即事 - 王维] len:2
浪淘沙·其一 - 刘禹锡
line:[浪淘沙·其一 - 刘禹锡] len:2
武陵春·春晚 - 李清照
line:[武陵春·春晚 - 李清照] len:2
一剪梅·红藕香残玉簟秋 - 李清照
line:[一剪梅·红藕香残玉簟秋 - 李清照] len:2
醉花阴·薄雾浓云愁永昼 - 李清照
line:[醉花阴·薄雾浓云愁永昼 - 李清照] len:2
寒食城东即事 - 王维
line:[寒食城东即事 - 王维] len:2
过华清宫绝句三首·其一 - 杜牧
line:[过华清宫绝句三首·其一 - 杜牧] len:2
赤壁 - 杜牧
line:[赤壁 - 杜牧] len:2
秋夕 - 杜牧
line:[秋夕 - 杜牧] len:2
自遣 - 罗隐
line:[自遣 - 罗隐] len:2
题乌江亭 - 杜牧
line:[题乌江亭 - 杜牧] len:2
寄黄几复 - 黄庭坚
line:[寄黄几复 - 黄庭坚] len:2
赠别二首·其二 - 杜牧
line:[赠别二首·其二 - 杜牧] len:2
赠别二首·其一 - 杜牧
line:[赠别二首·其一 - 杜牧] len:2
赠刘景文 - 苏轼
line:[赠刘景文 - 苏轼] len:2
浣溪沙·游蕲水清泉寺 - 苏轼
line:[浣溪沙·游蕲水清泉寺 - 苏轼] len:2
定风波·莫听穿林打叶声 - 苏轼
line:[定风波·莫听穿林打叶声 - 苏轼] len:2
己亥杂诗·其五 - 龚自珍
line:[己亥杂诗·其五 - 龚自珍] len:2
息夫人 - 王维
line:[息夫人 - 王维] len:2
李陵咏 - 王维
line:[李陵咏 - 王维] len:2
登飞来峰 - 王安石
line:[登飞来峰 - 王安石] len:2
江城子·密州出猎 - 苏轼
line:[江城子·密州出猎 - 苏轼] len:2
六月二十七日望湖楼醉书 - 苏轼
line:[六月二十七日望湖楼醉书 - 苏轼] len:2
饮湖上初晴后雨二首·其二 - 苏轼
line:[饮湖上初晴后雨二首·其二 - 苏轼] len:2
钱塘湖春行 - 白居易
line:[钱塘湖春行 - 白居易] len:2
暮江吟 - 白居易
line:[暮江吟 - 白居易] len:2
夜雪 - 白居易
line:[夜雪 - 白居易] len:2
月下独酌·其一 - 李白
line:[月下独酌·其一 - 李白] len:2
咏廿四气诗·立夏四月节 - 元稹
line:[咏廿四气诗·立夏四月节 - 元稹] len:2
前出塞九首·其六 - 杜甫
line:[前出塞九首·其六 - 杜甫] len:2
闻王昌龄左迁龙标遥有此寄 - 李白
line:[闻王昌龄左迁龙标遥有此寄 - 李白] len:2
登金陵凤凰台 - 李白
line:[登金陵凤凰台 - 李白] len:2
峨眉山月歌 - 李白
line:[峨眉山月歌 - 李白] len:2
归字谣 - 袁去华
line:[归字谣 - 袁去华] len:2
苍梧谣·天 - 蔡伸
line:[苍梧谣·天 - 蔡伸] len:2
秋浦歌十七首·十五 - 李白
line:[秋浦歌十七首·十五 - 李白] len:2
状江南·孟夏 - 贾弇
line:[状江南·孟夏 - 贾弇] len:2
玉蝴蝶·望处雨收云断 - 柳永
line:[玉蝴蝶·望处雨收云断 - 柳永] len:2
临江仙·夜登小阁忆洛中旧游 - 陈与义
line:[临江仙·夜登小阁忆洛中旧游 - 陈与义] len:2
南歌子·疏雨池塘见 - 贺铸
line:[南歌子·疏雨池塘见 - 贺铸] len:2
金钱花 - 罗隐
line:[金钱花 - 罗隐] len:2
春雪 - 韩愈
line:[春雪 - 韩愈] len:2
文殊院避暑 - 李群玉
line:[文殊院避暑 - 李群玉] len:2
临江仙·送钱穆父 - 苏轼
line:[临江仙·送钱穆父 - 苏轼] len:2
鹧鸪天·送廓之秋试 - 辛弃疾
line:[鹧鸪天·送廓之秋试 - 辛弃疾] len:2
河南严尹弟见宿弊庐访别人赋十韵 - 王维
line:[河南严尹弟见宿弊庐访别人赋十韵 - 王维] len:2
渭川田家 - 王维
line:[渭川田家 - 王维] len:2
从军行七首·其四 - 王昌龄
line:[从军行七首·其四 - 王昌龄] len:2
积雨辋川庄作 - 王维
line:[积雨辋川庄作 - 王维] len:2
踏莎行·杨柳回塘 - 贺铸
line:[踏莎行·杨柳回塘 - 贺铸] len:2
太原早秋 - 李白
line:[太原早秋 - 李白] len:2
龟虽寿 - 曹操
line:[龟虽寿 - 曹操] len:2
竹石 - 郑燮
line:[竹石 - 郑燮] len:2
冬夜读书示子聿 - 陆游
line:[冬夜读书示子聿 - 陆游] len:2
王孙游 - 谢朓
line:[王孙游 - 谢朓] len:2
送人游岭南 - 戴叔伦
line:[送人游岭南 - 戴叔伦] len:2
落花 - 李商隐
line:[落花 - 李商隐] len:2
春雨 - 李商隐
line:[春雨 - 李商隐] len:2
蜀中九日 - 王勃
line:[蜀中九日 - 王勃] len:2
望江南·超然台作 - 苏轼
line:[望江南·超然台作 - 苏轼] len:2
田园乐七首·其六 - 王维
line:[田园乐七首·其六 - 王维] len:2
临江仙·梦后楼台高锁 - 晏几道
line:[临江仙·梦后楼台高锁 - 晏几道] len:2
洛阳女儿行 - 王维
line:[洛阳女儿行 - 王维] len:2
西江月·中秋和子由 - 苏轼
line:[西江月·中秋和子由 - 苏轼] len:2
蝶恋花·庭院深深深几许 - 冯延巳 / 欧阳修
line:[蝶恋花·庭院深深深几许 - 冯延巳 / 欧阳修] len:2
蜀道难 - 李白
line:[蜀道难 - 李白] len:2
归嵩山作 - 王维
line:[归嵩山作 - 王维] len:2
汉江临泛 - 王维
line:[汉江临泛 - 王维] len:2
金缕衣 - 杜秋娘
line:[金缕衣 - 杜秋娘] len:2
见二十弟倡和花字漫兴五首·其一 - 黄庭坚
line:[见二十弟倡和花字漫兴五首·其一 - 黄庭坚] len:2
咏廿四气诗·谷雨春光晓 - 元稹
line:[咏廿四气诗·谷雨春光晓 - 元稹] len:2
菩萨蛮·书江西造口壁 - 辛弃疾
line:[菩萨蛮·书江西造口壁 - 辛弃疾] len:2
齐安郡后池绝句 - 杜牧
line:[齐安郡后池绝句 - 杜牧] len:2
早春呈水部张十八员外 - 韩愈
line:[早春呈水部张十八员外 - 韩愈] len:2
西江月·夜行黄沙道中 - 辛弃疾
line:[西江月·夜行黄沙道中 - 辛弃疾] len:2
野步 - 周密
line:[野步 - 周密] len:2
岁暮归南山 - 孟浩然
line:[岁暮归南山 - 孟浩然] len:2
少年行·其一 - 王昌龄
line:[少年行·其一 - 王昌龄] len:2
写情 - 李益
line:[写情 - 李益] len:2
如梦令·常记溪亭日暮 - 李清照
line:[如梦令·常记溪亭日暮 - 李清照] len:2
如梦令·昨夜雨疏风骤 - 李清照
line:[如梦令·昨夜雨疏风骤 - 李清照] len:2
东栏梨花 - 苏轼
line:[东栏梨花 - 苏轼] len:2
淮上与友人别 - 郑谷
line:[淮上与友人别 - 郑谷] len:2
桃花 - 元稹
line:[桃花 - 元稹] len:2
题西林壁 - 苏轼
line:[题西林壁 - 苏轼] len:2
江上渔者 - 范仲淹
line:[江上渔者 - 范仲淹] len:2
卜算子·咏梅 - 毛泽东
line:[卜算子·咏梅 - 毛泽东] len:2
叹白发 - 王维
line:[叹白发 - 王维] len:2
夜雨寄北 - 李商隐
line:[夜雨寄北 - 李商隐] len:2
新安吏 - 杜甫
line:[新安吏 - 杜甫] len:2
卜算子·咏梅 - 陆游
line:[卜算子·咏梅 - 陆游] len:2
观潮 - 苏轼
line:[观潮 - 苏轼] len:2
题菊花 - 黄巢
line:[题菊花 - 黄巢] len:2
十一月四日风雨大作·其二 - 陆游
line:[十一月四日风雨大作·其二 - 陆游] len:2
得舍弟消息 - 杜甫
line:[得舍弟消息 - 杜甫] len:2
滁州西涧 - 韦应物
line:[滁州西涧 - 韦应物] len:2
见紫荆花 - 韦应物
line:[见紫荆花 - 韦应物] len:2
红牡丹 - 王维
line:[红牡丹 - 王维] len:2
诗文名句作者古籍
江畔独步寻花七绝句 - 杜甫
line:[江畔独步寻花七绝句 - 杜甫] len:2
海棠 - 苏轼
line:[海棠 - 苏轼] len:2
代赠二首 - 李商隐
line:[代赠二首 - 李商隐] len:2
江头四咏。丁香 - 杜甫
line:[江头四咏。丁香 - 杜甫] len:2
折枝花赠行 - 元稹
line:[折枝花赠行 - 元稹] len:2
送范山人归泰山 - 李白
line:[送范山人归泰山 - 李白] len:2
沁园春·雪 - 毛泽东
line:[沁园春·雪 - 毛泽东] len:2
青松 - 陈毅
line:[青松 - 陈毅] len:2
送东阳马生序(节选) - 宋濂
line:[送东阳马生序(节选) - 宋濂] len:2
次韵梨花 - 黄庭坚
line:[次韵梨花 - 黄庭坚] len:2
使东川·江花落 - 元稹
line:[使东川·江花落 - 元稹] len:2
潼关吏 - 杜甫
line:[潼关吏 - 杜甫] len:2
石壕吏 - 杜甫
line:[石壕吏 - 杜甫] len:2
酌酒与裴迪 - 王维
line:[酌酒与裴迪 - 王维] len:2
元日 - 王安石
line:[元日 - 王安石] len:2
饮酒·其五 - 陶渊明
line:[饮酒·其五 - 陶渊明] len:2
颂平常心是道 - 无门慧开禅师
line:[颂平常心是道 - 无门慧开禅师] len:2
草堂 - 杜甫
line:[草堂 - 杜甫] len:2
茅屋为秋风所破歌 - 杜甫
line:[茅屋为秋风所破歌 - 杜甫] len:2
少年行四首 - 王维
line:[少年行四首 - 王维] len:2
渔歌子·西塞山前白鹭飞 - 张志和
line:[渔歌子·西塞山前白鹭飞 - 张志和] len:2
惠崇春江晚景二首 - 苏轼
line:[惠崇春江晚景二首 - 苏轼] len:2
山中问答 - 李白
line:[山中问答 - 李白] len:2
哥舒歌 - 西鄙人
line:[哥舒歌 - 西鄙人] len:2
新嫁娘词 - 王建
line:[新嫁娘词 - 王建] len:2
行宫 - 元稹
line:[行宫 - 元稹] len:2
怨情 - 李白
line:[怨情 - 李白] len:2
杂诗三首·其二 - 王维
line:[杂诗三首·其二 - 王维] len:2
送别 - 王维
line:[送别 - 王维] len:2
忆江南三首 - 白居易
line:[忆江南三首 - 白居易] len:2
初出济州别城中故人 - 王维
line:[初出济州别城中故人 - 王维] len:2
登河北城楼作 - 王维
line:[登河北城楼作 - 王维] len:2
青溪 - 王维
line:[青溪 - 王维] len:2
问刘十九 - 白居易
line:[问刘十九 - 白居易] len:2
山中 - 王维
line:[山中 - 王维] len:2
过香积寺 - 王维
line:[过香积寺 - 王维] len:2
送别 - 王维
line:[送别 - 王维] len:2
辛夷坞 - 王维
line:[辛夷坞 - 王维] len:2
陇西行 - 王维
line:[陇西行 - 王维] len:2
辋川闲居赠裴秀才迪 - 王维
line:[辋川闲居赠裴秀才迪 - 王维] len:2
酬张少府 - 王维
line:[酬张少府 - 王维] len:2
过始皇墓 - 王维
line:[过始皇墓 - 王维] len:2
孟城坳 - 王维
line:[孟城坳 - 王维] len:2
竹里馆 - 王维
line:[竹里馆 - 王维] len:2
题都城南庄 - 崔护
line:[题都城南庄 - 崔护] len:2
山居即事 - 王维
line:[山居即事 - 王维] len:2
秋夜独坐 - 王维
line:[秋夜独坐 - 王维] len:2
观猎 - 王维
line:[观猎 - 王维] len:2
山中与幽人对酌 - 李白
line:[山中与幽人对酌 - 李白] len:2
终南别业 - 王维
line:[终南别业 - 王维] len:2
诗文名句作者古籍
梅花 - 王安石
line:[梅花 - 王安石] len:2
上李邕 - 李白
line:[上李邕 - 李白] len:2
行路难·其一 - 李白
line:[行路难·其一 - 李白] len:2
泊秦淮 - 杜牧
line:[泊秦淮 - 杜牧] len:2
赏牡丹 - 刘禹锡
line:[赏牡丹 - 刘禹锡] len:2
终南望余雪 - 祖咏
line:[终南望余雪 - 祖咏] len:2
芙蓉楼送辛渐 - 王昌龄
line:[芙蓉楼送辛渐 - 王昌龄] len:2
乌衣巷 - 刘禹锡
line:[乌衣巷 - 刘禹锡] len:2
登科后 - 孟郊
line:[登科后 - 孟郊] len:2
南园十三首·其五 - 李贺
line:[南园十三首·其五 - 李贺] len:2
逢雪宿芙蓉山主人 - 刘长卿
line:[逢雪宿芙蓉山主人 - 刘长卿] len:2
山行 - 杜牧
line:[山行 - 杜牧] len:2
鸟鸣涧 - 王维
line:[鸟鸣涧 - 王维] len:2
劝学 - 颜真卿
line:[劝学 - 颜真卿] len:2
无题二首·其一 - 李商隐
line:[无题二首·其一 - 李商隐] len:2
无题·相见时难别亦难 - 李商隐
line:[无题·相见时难别亦难 - 李商隐] len:2
锦瑟 - 李商隐
line:[锦瑟 - 李商隐] len:2
凉州词二首·其一 - 王之涣
line:[凉州词二首·其一 - 王之涣] len:2
凉州词 - 王翰
line:[凉州词 - 王翰] len:2
凉思 - 李商隐
line:[凉思 - 李商隐] len:2
赠孟浩然 - 李白
line:[赠孟浩然 - 李白] len:2
送梓州李使君 - 王维
line:[送梓州李使君 - 王维] len:2
次北固山下 - 王湾
line:[次北固山下 - 王湾] len:2
夜泊牛渚怀古 - 李白
line:[夜泊牛渚怀古 - 李白] len:2
题破山寺后禅院 - 常建
line:[题破山寺后禅院 - 常建] len:2
风雨 - 李商隐
line:[风雨 - 李商隐] len:2
裴迪书斋望月 - 钱起
line:[裴迪书斋望月 - 钱起] len:2
终南山 - 王维
line:[终南山 - 王维] len:2
月夜忆舍弟 - 杜甫
line:[月夜忆舍弟 - 杜甫] len:2
将进酒 - 李白
line:[将进酒 - 李白] len:2
送友人 - 李白
line:[送友人 - 李白] len:2
渡荆门送别 - 李白
line:[渡荆门送别 - 李白] len:2
侠客行 - 李白
line:[侠客行 - 李白] len:2
使至塞上 - 王维
line:[使至塞上 - 王维] len:2
绝句 - 杜甫
line:[绝句 - 杜甫] len:2
赋得古原草送别 - 白居易
line:[赋得古原草送别 - 白居易] len:2
闻官军收河南河北 - 杜甫
line:[闻官军收河南河北 - 杜甫] len:2
相思 - 王维
line:[相思 - 王维] len:2
句 - 杜甫
line:[句 - 杜甫] len:2
大林寺桃花 - 白居易
line:[大林寺桃花 - 白居易] len:2
清平调·其一 - 李白
line:[清平调·其一 - 李白] len:2
出塞 - 王昌龄
line:[出塞 - 王昌龄] len:2
黄鹤楼 - 崔颢
line:[黄鹤楼 - 崔颢] len:2
过故人庄 - 孟浩然
line:[过故人庄 - 孟浩然] len:2
山居秋暝 - 王维
line:[山居秋暝 - 王维] len:2
早春对雪寄前殿中元侍御 - 韦应物
line:[早春对雪寄前殿中元侍御 - 韦应物] len:2
蜀相 - 杜甫
line:[蜀相 - 杜甫] len:2
旅夜书怀 - 杜甫
line:[旅夜书怀 - 杜甫] len:2
长相思·其一 - 李白
line:[长相思·其一 - 李白] len:2
九月九日忆山东兄弟 - 王维
line:[九月九日忆山东兄弟 - 王维] len:2
寒食 - 韩翃
line:[寒食 - 韩翃] len:2
客至 - 杜甫
line:[客至 - 杜甫] len:2
秋兴八首·其一 - 杜甫
line:[秋兴八首·其一 - 杜甫] len:2
宿建德江 - 孟浩然
line:[宿建德江 - 孟浩然] len:2
绝句三首 其二 - 杜甫
line:[绝句三首 其二 - 杜甫] len:2
贫交行 - 杜甫
line:[贫交行 - 杜甫] len:2
戏为六绝句·其二 - 杜甫
line:[戏为六绝句·其二 - 杜甫] len:2
遣兴 - 杜甫
line:[遣兴 - 杜甫] len:2
夏日李公见访 - 杜甫
line:[夏日李公见访 - 杜甫] len:2
哀江头 - 杜甫
line:[哀江头 - 杜甫] len:2
送元二使安西 - 王维
line:[送元二使安西 - 王维] len:2
赠卫八处士 - 杜甫
line:[赠卫八处士 - 杜甫] len:2
八阵图 - 杜甫
line:[八阵图 - 杜甫] len:2
归雁 - 杜甫
line:[归雁 - 杜甫] len:2
池上二绝 - 白居易
line:[池上二绝 - 白居易] len:2
赠李白 - 杜甫
line:[赠李白 - 杜甫] len:2
武侯庙 - 杜甫
line:[武侯庙 - 杜甫] len:2
登岳阳楼 - 杜甫
line:[登岳阳楼 - 杜甫] len:2
江畔独步寻花·其五 - 杜甫
line:[江畔独步寻花·其五 - 杜甫] len:2
房兵曹胡马诗 - 杜甫
line:[房兵曹胡马诗 - 杜甫] len:2
天末怀李白 - 杜甫
line:[天末怀李白 - 杜甫] len:2
春水生二绝 - 杜甫
line:[春水生二绝 - 杜甫] len:2
江畔独步寻花·其六 - 杜甫
line:[江畔独步寻花·其六 - 杜甫] len:2
登高 - 杜甫
line:[登高 - 杜甫] len:2
赠花卿 - 杜甫
line:[赠花卿 - 杜甫] len:2
春望 - 杜甫
line:[春望 - 杜甫] len:2
绝句二首 - 杜甫
line:[绝句二首 - 杜甫] len:2
绝句四首 - 杜甫
line:[绝句四首 - 杜甫] len:2
春夜喜雨 - 杜甫
line:[春夜喜雨 - 杜甫] len:2
江南逢李龟年 - 杜甫
line:[江南逢李龟年 - 杜甫] len:2
望岳 - 杜甫
line:[望岳 - 杜甫] len:2
客中作 - 李白
line:[客中作 - 李白] len:2
春夜洛城闻笛 - 李白
line:[春夜洛城闻笛 - 李白] len:2
画 - 王维
line:[画 - 王维] len:2
夜宿山寺 - 李白
line:[夜宿山寺 - 李白] len:2
独坐敬亭山 - 李白
line:[独坐敬亭山 - 李白] len:2
题临安邸 - 林升
line:[题临安邸 - 林升] len:2
夏日绝句 - 李清照
line:[夏日绝句 - 李清照] len:2
书湖阴先生壁 - 王安石
line:[书湖阴先生壁 - 王安石] len:2
泊船瓜洲 - 王安石
line:[泊船瓜洲 - 王安石] len:2
江南春 - 杜牧
line:[江南春 - 杜牧] len:2
寻隐者不遇 - 贾岛
line:[寻隐者不遇 - 贾岛] len:2
江雪 - 柳宗元
line:[江雪 - 柳宗元] len:2
悯农二首 - 李绅
line:[悯农二首 - 李绅] len:2
忆江南 - 白居易
line:[忆江南 - 白居易] len:2
池上 - 白居易
line:[池上 - 白居易] len:2
绝句 - 杜甫
line:[绝句 - 杜甫] len:2
绝句 - 杜甫
line:[绝句 - 杜甫] len:2
别董大二首 - 高适
line:[别董大二首 - 高适] len:2
望天门山 - 李白
line:[望天门山 - 李白] len:2
早发白帝城 - 李白
line:[早发白帝城 - 李白] len:2
黄鹤楼送孟浩然之广陵 - 李白
line:[黄鹤楼送孟浩然之广陵 - 李白] len:2
赠汪伦 - 李白
line:[赠汪伦 - 李白] len:2
望庐山瀑布 - 李白
line:[望庐山瀑布 - 李白] len:2
古朗月行 - 李白
line:[古朗月行 - 李白] len:2
静夜思 - 李白
line:[静夜思 - 李白] len:2
登鹳雀楼 - 王之涣
line:[登鹳雀楼 - 王之涣] len:2
回乡偶书 - 贺知章
line:[回乡偶书 - 贺知章] len:2
咏柳 - 贺知章
line:[咏柳 - 贺知章] len:2
风 - 李峤
line:[风 - 李峤] len:2
咏鹅 - 骆宾王
line:[咏鹅 - 骆宾王] len:2
江南 - 汉乐府
line:[江南 - 汉乐府] len:2
书湖阴先生壁二首 - 王安石
line:[书湖阴先生壁二首 - 王安石] len:2
画鸡 - 唐寅
line:[画鸡 - 唐寅] len:2
渡湘江 - 杜审言
line:[渡湘江 - 杜审言] len:2
鹿柴 - 王维
line:[鹿柴 - 王维] len:2
登幽州台歌 - 陈子昂
line:[登幽州台歌 - 陈子昂] len:2
所见 - 袁枚
line:[所见 - 袁枚] len:2
小池 - 杨万里
line:[小池 - 杨万里] len:2
和子由渑池怀旧 - 苏轼
line:[和子由渑池怀旧 - 苏轼] len:2
念奴娇·赤壁怀古 - 苏轼
line:[念奴娇·赤壁怀古 - 苏轼] len:2
水调歌头·明月几时有 - 苏轼
line:[水调歌头·明月几时有 - 苏轼] len:2
登乐游原 - 李商隐
line:[登乐游原 - 李商隐] len:2
清明 - 杜牧
line:[清明 - 杜牧] len:2
枫桥夜泊 - 张继
line:[枫桥夜泊 - 张继] len:2
游子吟 - 孟郊
line:[游子吟 - 孟郊] len:2
送杜少府之任蜀州 - 王勃
line:[送杜少府之任蜀州 - 王勃] len:2
村居 - 高鼎
line:[村居 - 高鼎] len:2
卜算子·我住长江头 - 李之仪
line:[卜算子·我住长江头 - 李之仪] len:2
卜算子·黄州定慧院寓居作 - 苏轼
line:[卜算子·黄州定慧院寓居作 - 苏轼] len:2
江城子·乙卯正月二十日夜记梦 - 苏轼
line:[江城子·乙卯正月二十日夜记梦 - 苏轼] len:2
青玉案·元夕 - 辛弃疾
line:[青玉案·元夕 - 辛弃疾] len:2
离思五首·其四 - 元稹
line:[离思五首·其四 - 元稹] len:2
木兰花·拟古决绝词柬友 - 纳兰性德
line:[木兰花·拟古决绝词柬友 - 纳兰性德] len:2

1 高鼎 [[村居]]
34 李白 [[三五七言 夏日山中 月下独酌·其一 闻王昌龄左迁龙标遥有此寄 登金陵凤凰台 峨眉山月歌 秋浦歌十七首·十五 太原早秋 蜀道难 送范山人归泰山 山中问答 怨情 山中与幽人对酌 上李邕 行路难·其一 赠孟浩然 夜泊牛渚怀古 将进酒 送友人 渡荆门送别 侠客行 清平调·其一 长相思·其一 客中作 春夜洛城闻笛 夜宿山寺 独坐敬亭山 望天门山 早发白帝城 黄鹤楼送孟浩然之广陵 赠汪伦 望庐山瀑布 古朗月行 静夜思]]
3 曹操 [[短歌行 观沧海 龟虽寿]]
1 宋之问 [[渡汉江]]
1 蒋捷 [[一剪梅·舟过吴江]]
2 刘长卿 [[寻南溪常山道人隐居 逢雪宿芙蓉山主人]]
2 柳宗元 [[小石潭记 江雪]]
1 陈毅 [[青松]]
50 杜甫 [[绝句漫兴九首 新婚别 垂老别 答郑十七郎一绝 绝句六首 无家别 前出塞九首·其六 新安吏 得舍弟消息 江畔独步寻花七绝句 江头四咏。丁香 潼关吏 石壕吏 草堂 茅屋为秋风所破歌 月夜忆舍弟 绝句 闻官军收河南河北 句 蜀相 旅夜书怀 客至 秋兴八首·其一 绝句三首 其二 贫交行 戏为六绝句·其二 遣兴 夏日李公见访 哀江头 赠卫八处士 八阵图 归雁 赠李白 武侯庙 登岳阳楼 江畔独步寻花·其五 房兵曹胡马诗 天末怀李白 春水生二绝 江畔独步寻花·其六 登高 赠花卿 春望 绝句二首 绝句四首 春夜喜雨 江南逢李龟年 望岳 绝句 绝句]]
1 《乐府诗集》 [[十五从军征]]
1 周邦彦 [[苏幕遮·燎沉香]]
1 诗经·国风·唐风 [[采苓]]
1 常建 [[题破山寺后禅院]]
21 苏轼 [[行香子·述怀 浣溪沙·细雨斜风作晓寒 赠刘景文 浣溪沙·游蕲水清泉寺 定风波·莫听穿林打叶声 江城子·密州出猎 六月二十七日望湖楼醉书 饮湖上初晴后雨二首·其二 临江仙·送钱穆父 望江南·超然台作 西江月·中秋和子由 东栏梨花 题西林壁 观潮 海棠 惠崇春江晚景二首 和子由渑池怀旧 念奴娇·赤壁怀古 水调歌头·明月几时有 卜算子·黄州定慧院寓居作 江城子·乙卯正月二十日夜记梦]]
10 辛弃疾 [[鹧鸪天·代人赋 武陵春·桃李风前多妩媚 丑奴儿·书博山道中壁 清平乐·村居 永遇乐·京口北固亭怀古 破阵子·为陈同甫赋壮词以寄之 鹧鸪天·送廓之秋试 菩萨蛮·书江西造口壁 西江月·夜行黄沙道中 青玉案·元夕]]
1 王观 [[卜算子·送鲍浩然之浙东]]
13 白居易 [[长恨歌 琵琶行 卖炭翁 钱塘湖春行 暮江吟 夜雪 忆江南三首 问刘十九 赋得古原草送别 大林寺桃花 池上二绝 忆江南 池上]]
2 晏几道 [[长相思·长相思 临江仙·梦后楼台高锁]]
1 张若虚 [[春江花月夜]]
2 李煜 [[虞美人·春花秋月何时了 相见欢·无言独上西楼]]
1 查慎行 [[舟夜书所见]]
3 唐寅 [[一剪梅·雨打梨花深闭门 元宵 画鸡]]
1 文天祥 [[过零丁洋]]
47 王维 [[别辋川别业 书事 齐州送祖三 淇上田园即事 寒食城东即事 息夫人 李陵咏 河南严尹弟见宿弊庐访别人赋十韵 渭川田家 积雨辋川庄作 田园乐七首·其六 洛阳女儿行 归嵩山作 汉江临泛 叹白发 红牡丹 酌酒与裴迪 少年行四首 杂诗三首·其二 送别 初出济州别城中故人 登河北城楼作 青溪 山中 过香积寺 送别 辛夷坞 陇西行 辋川闲居赠裴秀才迪 酬张少府 过始皇墓 孟城坳 竹里馆 山居即事 秋夜独坐 观猎 终南别业 鸟鸣涧 送梓州李使君 终南山 使至塞上 相思 山居秋暝 九月九日忆山东兄弟 送元二使安西 画 鹿柴]]
1 陈与义 [[临江仙·夜登小阁忆洛中旧游]]
1 林升 [[题临安邸]]
1 钱福 [[明日歌]]
1 惠能 [[菩提偈]]
1 刘邦 [[大风歌]]
1 李峤 [[风]]
9 陆游 [[书愤 诉衷情·当年万里觅封侯 秋夜将晓出篱门迎凉有感 临安春雨初霁 游山西村 示儿 冬夜读书示子聿 卜算子·咏梅 十一月四日风雨大作·其二]]
1 岳飞 [[满江红·写怀]]
11 杜牧 [[过华清宫绝句三首·其一 赤壁 秋夕 题乌江亭 赠别二首·其二 赠别二首·其一 齐安郡后池绝句 泊秦淮 山行 江南春 清明]]
1 张志和 [[渔歌子·西塞山前白鹭飞]]
1 王建 [[新嫁娘词]]
2 龚自珍 [[己亥杂诗 己亥杂诗·其五]]
1 诗经·国风·周南 [[关雎]]
1 张继 [[枫桥夜泊]]
1 贝琼 [[己酉端午]]
1 祖咏 [[终南望余雪]]
1 王湾 [[次北固山下]]
4 陶渊明 [[归去来兮辞 桃花源记 归园田居·其一 饮酒·其五]]
2 岑参 [[白雪歌送武判官归京 蜀葵花歌]]
1 项羽 [[垓下歌]]
2 叶绍翁 [[游园不值 夜书所见]]
1 诗经·国风·郑风 [[子衿]]
1 胡令能 [[小儿垂钓]]
1 高骈 [[山亭夏日]]
1 姜夔 [[扬州慢·淮左名都]]
1 佚名 [[迢迢牵牛星]]
2 王之涣 [[凉州词二首·其一 登鹳雀楼]]
1 鱼玄机 [[赋得江边柳]]
6 王安石 [[登飞来峰 元日 梅花 书湖阴先生壁 泊船瓜洲 书湖阴先生壁二首]]
1 袁去华 [[归字谣]]
1 崔护 [[题都城南庄]]
1 陈子昂 [[登幽州台歌]]
1 韩翃 [[寒食]]
1 袁枚 [[所见]]
1 郑谷 [[淮上与友人别]]
1 卢钺 [[雪梅]]
2 骆宾王 [[于易水送人 咏鹅]]
1 张养浩 [[山坡羊·潼关怀古]]
2 欧阳修 [[醉翁亭记 画眉鸟]]
1 李延年 [[李延年歌]]
1 林杰 [[乞巧]]
1 蔡伸 [[苍梧谣·天]]
2 毛泽东 [[卜算子·咏梅 沁园春·雪]]
1 宋濂 [[送东阳马生序(节选)]]
4 贾岛 [[送僧归太白山 剑客 题李凝幽居 寻隐者不遇]]
1 周敦颐 [[爱莲说]]
1 张九龄 [[望月怀远]]
3 韩愈 [[马说 春雪 早春呈水部张十八员外]]
15 元稹 [[咏廿四气诗·立秋七月节 咏廿四气诗·大暑六月中 咏廿四气诗·小暑六月节 咏二十四气诗·夏至五月中 菊花 闻乐天授江州司马 咏廿四气诗·芒种五月节 咏廿四气诗·小满四月中 咏廿四气诗·立夏四月节 咏廿四气诗·谷雨春光晓 桃花 折枝花赠行 使东川·江花落 行宫 离思五首·其四]]
3 王勃 [[滕王阁序 蜀中九日 送杜少府之任蜀州]]
2 温庭筠 [[菩萨蛮·小山重叠金明灭 商山早行]]
1 钱起 [[裴迪书斋望月]]
3 纳兰性德 [[浣溪沙·残雪凝辉冷画屏 浣溪沙·谁念西风独自凉 木兰花·拟古决绝词柬友]]
6 王昌龄 [[送柴侍御 采莲曲 从军行七首·其四 少年行·其一 芙蓉楼送辛渐 出塞]]
1 杜秋娘 [[金缕衣]]
1 西鄙人 [[哥舒歌]]
3 柳永 [[雨霖铃·寒蝉凄切 蝶恋花·伫倚危楼风细细 玉蝴蝶·望处雨收云断]]
1 冯延巳 / 欧阳修 [[蝶恋花·庭院深深深几许]]
1 杜审言 [[渡湘江]]
1 贾弇 [[状江南·孟夏]]
1 颜真卿 [[劝学]]
1 崔颢 [[黄鹤楼]]
2 秦观 [[鹊桥仙·纤云弄巧 行香子·树绕村庄]]
2 黄巢 [[不第后赋菊 题菊花]]
2 汉乐府 [[长歌行 江南]]
2 范成大 [[四时田园杂兴·其三十一 四时田园杂兴·其二十五]]
4 李贺 [[李凭箜篌引 雁门太守行 马诗二十三首·其五 南园十三首·其五]]
1 雷震 [[村晚]]
3 罗隐 [[蜂 自遣 金钱花]]
1 郑燮 [[竹石]]
1 王翰 [[凉州词]]
14 李商隐 [[谒山 赠荷花 嫦娥 贾生 落花 春雨 夜雨寄北 代赠二首 无题二首·其一 无题·相见时难别亦难 锦瑟 凉思 风雨 登乐游原]]
2 晏殊 [[浣溪沙·一曲新词酒一杯 踏莎行·碧海无波]]
2 孟郊 [[登科后 游子吟]]
1 高适 [[别董大二首]]
1 李之仪 [[卜算子·我住长江头]]
9 刘禹锡 [[酬乐天咏老见示 望洞庭 陋室铭 竹枝词二首·其一 秋词二首·其一 酬乐天扬州初逢席上见赠 浪淘沙·其一 赏牡丹 乌衣巷]]
1 于谦 [[石灰吟]]
3 范仲淹 [[岳阳楼记 渔家傲·秋思 江上渔者]]
1 戴叔伦 [[送人游岭南]]
1 李益 [[写情]]
1 吴庆坻 [[题三十小象]]
2 乐府诗集 [[木兰诗 敕勒歌]]
1 卢纶 [[塞下曲]]
4 黄庭坚 [[清平乐·春归何处 寄黄几复 见二十弟倡和花字漫兴五首·其一 次韵梨花]]
2 贺铸 [[南歌子·疏雨池塘见 踏莎行·杨柳回塘]]
1 马致远 [[天净沙·秋思]]
1 无门慧开禅师 [[颂平常心是道]]
4 韦应物 [[简卢陟 滁州西涧 见紫荆花 早春对雪寄前殿中元侍御]]
3 杨万里 [[宿新市徐公店二首其一 晓出净慈寺送林子方 小池]]
1 周密 [[野步]]
1 翁卷 [[乡村四月]]
2 朱熹 [[春日 观书有感·其一]]
1 李绅 [[悯农二首]]
2 贺知章 [[回乡偶书 咏柳]]
19 李清照 [[丑奴儿·晚来一阵风兼雨 孤雁儿·藤床纸帐朝眠起 蝶恋花·上巳召亲族 蝶恋花·晚止昌乐馆寄姊妹 浣溪沙·髻子伤春慵更梳 浣溪沙·淡荡春光寒食天 浣溪沙·莫许杯深琥珀浓 满庭芳·残梅 行香子·七夕 小重山·春到长门春草青 渔家傲·天接云涛连晓雾 点绛唇·蹴罢秋千 声声慢·寻寻觅觅 武陵春·春晚 一剪梅·红藕香残玉簟秋 醉花阴·薄雾浓云愁永昼 如梦令·常记溪亭日暮 如梦令·昨夜雨疏风骤 夏日绝句]]
6 孟浩然 [[与诸子登岘山 望洞庭湖赠张丞相 句 岁暮归南山 过故人庄 宿建德江]]
1 诗经·国风·秦风 [[蒹葭]]
1 李群玉 [[文殊院避暑]]
1 谢朓 [[王孙游]]
